<?xml version="1.0" encoding="UTF-8"?>
<!-- Generated by org.testng.reporters.JUnitXMLReporter -->
<testsuite ignored="0" hostname="DESKTOP-9FBOA07" failures="0" tests="4" name="crome" time="58.622" errors="0" timestamp="2021-10-30T08:00:35 IST">
  <testcase classname="testclasses.TestFB" name="@AfterMethod logOut" time="1.366">
    <failure type="org.openqa.selenium.ElementClickInterceptedException" message="element click intercepted: Element &amp;lt;div aria-label=&amp;quot;Account&amp;quot; class=&amp;quot;oajrlxb2 tdjehn4e qu0x051f esr5mh6w e9989ue4 r7d6kgcz rq0escxv nhd2j8a9 j83agx80 p7hjln8o kvgmc6g5 cxmmr5t8 oygrvhab hcukyx3x jb3vyjys rz4wbd8a qt6c0cv9 a8nywdso i1ao9s8h esuyzwwr f1sip0of lzcic4wl s45kfl79 emlxlaya bkmhp75w spb7xbtv l9j0dhe7 abiwlrkh p8dawk7l bp9cbjyn rt8b4zig n8ej3o3l agehan2d sk4xxmp2 taijpn5t qypqp5cg q676j6op&amp;quot; role=&amp;quot;button&amp;quot; tabindex=&amp;quot;0&amp;quot;&amp;gt;...&amp;lt;/div&amp;gt; is not clickable at point (1313, 28). Other element would receive the click: &amp;lt;div class=&amp;quot;iqfcb0g7 tojvnm2t a6sixzi8 k5wvi7nf q3lfd5jv pk4s997a bipmatt0 cebpdrjk qowsmv63 owwhemhu dp1hu0rb dhp61c6y l9j0dhe7 iyyx5f41 a8s20v7p&amp;quot; tabindex=&amp;quot;-1&amp;quot;&amp;gt;...&amp;lt;/div&amp;gt;
  (Session info: chrome=95.0.4638.54)
Build info: version: &amp;apos;3.141.59&amp;apos;, revision: &amp;apos;e82be7d358&amp;apos;, time: &amp;apos;2018-11-14T08:17:03&amp;apos;
System info: host: &amp;apos;DESKTOP-9FBOA07&amp;apos;, ip: &amp;apos;192.168.43.251&amp;apos;, os.name: &amp;apos;Windows 10&amp;apos;, os.arch: &amp;apos;amd64&amp;apos;, os.version: &amp;apos;10.0&amp;apos;, java.version: &amp;apos;16.0.1&amp;apos;
Driver info: org.openqa.selenium.chrome.ChromeDriver
Capabilities {acceptInsecureCerts: false, browserName: chrome, browserVersion: 95.0.4638.54, chrome: {chromedriverVersion: 94.0.4606.61 (418b78f5838ed..., userDataDir: C:\Users\PRATIK~1\AppData\L...}, goog:chromeOptions: {debuggerAddress: localhost:56715}, javascriptEnabled: true, networkConnectionEnabled: false, pageLoadStrategy: normal, platform: WINDOWS, platformName: WINDOWS, proxy: Proxy(), setWindowRect: true, strictFileInteractability: false, timeouts: {implicit: 0, pageLoad: 300000, script: 30000}, unhandledPromptBehavior: dismiss and notify, webauthn:extension:credBlob: true, webauthn:extension:largeBlob: true, webauthn:virtualAuthenticators: true}
Session ID: 96f83be833dcc9872ec05887c6c67087">
      <![CDATA[org.openqa.selenium.ElementClickInterceptedException: element click intercepted: Element <div aria-label="Account" class="oajrlxb2 tdjehn4e qu0x051f esr5mh6w e9989ue4 r7d6kgcz rq0escxv nhd2j8a9 j83agx80 p7hjln8o kvgmc6g5 cxmmr5t8 oygrvhab hcukyx3x jb3vyjys rz4wbd8a qt6c0cv9 a8nywdso i1ao9s8h esuyzwwr f1sip0of lzcic4wl s45kfl79 emlxlaya bkmhp75w spb7xbtv l9j0dhe7 abiwlrkh p8dawk7l bp9cbjyn rt8b4zig n8ej3o3l agehan2d sk4xxmp2 taijpn5t qypqp5cg q676j6op" role="button" tabindex="0">...</div> is not clickable at point (1313, 28). Other element would receive the click: <div class="iqfcb0g7 tojvnm2t a6sixzi8 k5wvi7nf q3lfd5jv pk4s997a bipmatt0 cebpdrjk qowsmv63 owwhemhu dp1hu0rb dhp61c6y l9j0dhe7 iyyx5f41 a8s20v7p" tabindex="-1">...</div>
  (Session info: chrome=95.0.4638.54)
Build info: version: '3.141.59', revision: 'e82be7d358', time: '2018-11-14T08:17:03'
System info: host: 'DESKTOP-9FBOA07', ip: '192.168.43.251', os.name: 'Windows 10', os.arch: 'amd64', os.version: '10.0', java.version: '16.0.1'
Driver info: org.openqa.selenium.chrome.ChromeDriver
Capabilities {acceptInsecureCerts: false, browserName: chrome, browserVersion: 95.0.4638.54, chrome: {chromedriverVersion: 94.0.4606.61 (418b78f5838ed..., userDataDir: C:\Users\PRATIK~1\AppData\L...}, goog:chromeOptions: {debuggerAddress: localhost:56715}, javascriptEnabled: true, networkConnectionEnabled: false, pageLoadStrategy: normal, platform: WINDOWS, platformName: WINDOWS, proxy: Proxy(), setWindowRect: true, strictFileInteractability: false, timeouts: {implicit: 0, pageLoad: 300000, script: 30000}, unhandledPromptBehavior: dismiss and notify, webauthn:extension:credBlob: true, webauthn:extension:largeBlob: true, webauthn:virtualAuthenticators: true}
Session ID: 96f83be833dcc9872ec05887c6c67087
at org.openqa.selenium.remote.http.W3CHttpResponseCodec.createException(W3CHttpResponseCodec.java:187)
at org.openqa.selenium.remote.http.W3CHttpResponseCodec.decode(W3CHttpResponseCodec.java:122)
at org.openqa.selenium.remote.http.W3CHttpResponseCodec.decode(W3CHttpResponseCodec.java:49)
at org.openqa.selenium.remote.HttpCommandExecutor.execute(HttpCommandExecutor.java:158)
at org.openqa.selenium.remote.service.DriverCommandExecutor.execute(DriverCommandExecutor.java:83)
at org.openqa.selenium.remote.RemoteWebDriver.execute(RemoteWebDriver.java:552)
at org.openqa.selenium.remote.RemoteWebElement.execute(RemoteWebElement.java:285)
at org.openqa.selenium.remote.RemoteWebElement.click(RemoteWebElement.java:84)
at org.openqa.selenium.support.pagefactory.internal.LocatingElementHandler.invoke(LocatingElementHandler.java:51)
at jdk.proxy2/jdk.proxy2.$Proxy17.click(Unknown Source)
at pomclasses.LogOut_Fb.accountCLick(LogOut_Fb.java:31)
at testclasses.TestFB.logOut(TestFB.java:136)
at java.base/java.util.ArrayList.forEach(ArrayList.java:1511)
... Removed 41 stack frames]]>
    </failure>
  </testcase> <!-- @AfterMethod logOut -->
  <testcase classname="testclasses.TestFB" name="@BeforeMethod logIn" time="-1.635561035233E9">
    <skipped/>
  </testcase> <!-- @BeforeMethod logIn -->
  <testcase classname="testclasses.TestFB" name="@AfterMethod logOut" time="-1.635561035254E9">
    <skipped/>
  </testcase> <!-- @AfterMethod logOut -->
  <testcase classname="testclasses.TestFB" name="@BeforeMethod logIn" time="-1.635561035259E9">
    <skipped/>
  </testcase> <!-- @BeforeMethod logIn -->
  <testcase classname="testclasses.TestFB" name="@AfterMethod logOut" time="-1.635561035271E9">
    <skipped/>
  </testcase> <!-- @AfterMethod logOut -->
  <testcase classname="testclasses.TestFB" name="@BeforeMethod logIn" time="-1.635561035274E9">
    <skipped/>
  </testcase> <!-- @BeforeMethod logIn -->
  <testcase classname="testclasses.TestFB" name="@AfterMethod logOut" time="-1.635561035285E9">
    <skipped/>
  </testcase> <!-- @AfterMethod logOut -->
  <testcase classname="testclasses.TestFB" name="@AfterClass clearPomObjects" time="-1.635561035288E9">
    <skipped/>
  </testcase> <!-- @AfterClass clearPomObjects -->
  <testcase classname="testclasses.TestFB" name="@AfterTest closebrwser" time="-1.635561035291E9">
    <skipped/>
  </testcase> <!-- @AfterTest closebrwser -->
  <testcase classname="testclasses.TestFB" name="homePage" time="18.777"/>
  <testcase classname="testclasses.TestFB" name="marketplacePage" time="0.0">
    <skipped/>
  </testcase> <!-- marketplacePage -->
  <testcase classname="testclasses.TestFB" name="watchPage" time="0.0">
    <skipped/>
  </testcase> <!-- watchPage -->
  <testcase classname="testclasses.TestFB" name="friendPage" time="0.0">
    <skipped/>
  </testcase> <!-- friendPage -->
</testsuite> <!-- crome -->
