<?xml version="1.0" encoding="UTF-8"?>
<!-- Generated by org.testng.reporters.JUnitXMLReporter -->
<testsuite ignored="0" hostname="DESKTOP-9FBOA07" failures="1" tests="4" name="cromebrowser" time="126.963" errors="0" timestamp="2021-11-01T18:08:43 IST">
  <testcase classname="testclasses.TestFB" name="@BeforeMethod logIn" time="5.213">
    <failure type="org.openqa.selenium.ElementNotInteractableException" message="element not interactable
  (Session info: chrome=95.0.4638.54)
Build info: version: &amp;apos;3.141.59&amp;apos;, revision: &amp;apos;e82be7d358&amp;apos;, time: &amp;apos;2018-11-14T08:17:03&amp;apos;
System info: host: &amp;apos;DESKTOP-9FBOA07&amp;apos;, ip: &amp;apos;192.168.43.250&amp;apos;, os.name: &amp;apos;Windows 10&amp;apos;, os.arch: &amp;apos;amd64&amp;apos;, os.version: &amp;apos;10.0&amp;apos;, java.version: &amp;apos;16.0.1&amp;apos;
Driver info: org.openqa.selenium.chrome.ChromeDriver
Capabilities {acceptInsecureCerts: false, browserName: chrome, browserVersion: 95.0.4638.54, chrome: {chromedriverVersion: 94.0.4606.61 (418b78f5838ed..., userDataDir: C:\Users\PRATIK~1\AppData\L...}, goog:chromeOptions: {debuggerAddress: localhost:62656}, javascriptEnabled: true, networkConnectionEnabled: false, pageLoadStrategy: normal, platform: WINDOWS, platformName: WINDOWS, proxy: Proxy(), setWindowRect: true, strictFileInteractability: false, timeouts: {implicit: 0, pageLoad: 300000, script: 30000}, unhandledPromptBehavior: dismiss and notify, webauthn:extension:credBlob: true, webauthn:extension:largeBlob: true, webauthn:virtualAuthenticators: true}
Session ID: de923a3d765437711a3b2015f93fb574">
      <![CDATA[org.openqa.selenium.ElementNotInteractableException: element not interactable
  (Session info: chrome=95.0.4638.54)
Build info: version: '3.141.59', revision: 'e82be7d358', time: '2018-11-14T08:17:03'
System info: host: 'DESKTOP-9FBOA07', ip: '192.168.43.250', os.name: 'Windows 10', os.arch: 'amd64', os.version: '10.0', java.version: '16.0.1'
Driver info: org.openqa.selenium.chrome.ChromeDriver
Capabilities {acceptInsecureCerts: false, browserName: chrome, browserVersion: 95.0.4638.54, chrome: {chromedriverVersion: 94.0.4606.61 (418b78f5838ed..., userDataDir: C:\Users\PRATIK~1\AppData\L...}, goog:chromeOptions: {debuggerAddress: localhost:62656}, javascriptEnabled: true, networkConnectionEnabled: false, pageLoadStrategy: normal, platform: WINDOWS, platformName: WINDOWS, proxy: Proxy(), setWindowRect: true, strictFileInteractability: false, timeouts: {implicit: 0, pageLoad: 300000, script: 30000}, unhandledPromptBehavior: dismiss and notify, webauthn:extension:credBlob: true, webauthn:extension:largeBlob: true, webauthn:virtualAuthenticators: true}
Session ID: de923a3d765437711a3b2015f93fb574
at org.openqa.selenium.remote.http.W3CHttpResponseCodec.createException(W3CHttpResponseCodec.java:187)
at org.openqa.selenium.remote.http.W3CHttpResponseCodec.decode(W3CHttpResponseCodec.java:122)
at org.openqa.selenium.remote.http.W3CHttpResponseCodec.decode(W3CHttpResponseCodec.java:49)
at org.openqa.selenium.remote.HttpCommandExecutor.execute(HttpCommandExecutor.java:158)
at org.openqa.selenium.remote.service.DriverCommandExecutor.execute(DriverCommandExecutor.java:83)
at org.openqa.selenium.remote.RemoteWebDriver.execute(RemoteWebDriver.java:552)
at org.openqa.selenium.remote.RemoteWebElement.execute(RemoteWebElement.java:285)
at org.openqa.selenium.remote.RemoteWebElement.sendKeys(RemoteWebElement.java:106)
at org.openqa.selenium.support.pagefactory.internal.LocatingElementHandler.invoke(LocatingElementHandler.java:51)
at jdk.proxy2/jdk.proxy2.$Proxy17.sendKeys(Unknown Source)
at pomclasses.Login_Page.sendusername(Login_Page.java:38)
at testclasses.TestFB.logIn(TestFB.java:89)
at java.base/java.util.ArrayList.forEach(ArrayList.java:1511)
... Removed 40 stack frames]]>
    </failure>
  </testcase> <!-- @BeforeMethod logIn -->
  <testcase classname="testclasses.TestFB" name="@AfterMethod logOut" time="-1.635770322623E9">
    <skipped/>
  </testcase> <!-- @AfterMethod logOut -->
  <testcase classname="testclasses.TestFB" name="@BeforeMethod logIn" time="-1.635770322626E9">
    <skipped/>
  </testcase> <!-- @BeforeMethod logIn -->
  <testcase classname="testclasses.TestFB" name="@AfterMethod logOut" time="-1.63577032264E9">
    <skipped/>
  </testcase> <!-- @AfterMethod logOut -->
  <testcase classname="testclasses.TestFB" name="@BeforeMethod logIn" time="-1.635770322647E9">
    <skipped/>
  </testcase> <!-- @BeforeMethod logIn -->
  <testcase classname="testclasses.TestFB" name="@AfterMethod logOut" time="-1.635770322668E9">
    <skipped/>
  </testcase> <!-- @AfterMethod logOut -->
  <testcase classname="testclasses.TestFB" name="@AfterClass clearPomObjects" time="-1.635770322673E9">
    <skipped/>
  </testcase> <!-- @AfterClass clearPomObjects -->
  <testcase classname="testclasses.TestFB" name="@AfterTest closebrwser" time="-1.635770322675E9">
    <skipped/>
  </testcase> <!-- @AfterTest closebrwser -->
  <testcase classname="testclasses.TestFB" name="homePage" time="16.919">
    <failure type="java.lang.AssertionError" message="expected [pratiksha] but found [Pratiksha Gollar]">
      <![CDATA[java.lang.AssertionError: expected [pratiksha] but found [Pratiksha Gollar]
at testclasses.TestFB.homePage(TestFB.java:110)
at java.base/java.util.ArrayList.forEach(ArrayList.java:1511)
... Removed 33 stack frames]]>
    </failure>
  </testcase> <!-- homePage -->
  <testcase classname="testclasses.TestFB" name="marketplacePage" time="0.0">
    <skipped/>
  </testcase> <!-- marketplacePage -->
  <testcase classname="testclasses.TestFB" name="watchPage" time="0.0">
    <skipped/>
  </testcase> <!-- watchPage -->
  <testcase classname="testclasses.TestFB" name="friendPage" time="0.0">
    <skipped/>
  </testcase> <!-- friendPage -->
</testsuite> <!-- cromebrowser -->
