<?xml version="1.0" encoding="UTF-8"?>
<!-- Generated by org.testng.reporters.JUnitXMLReporter -->
<testsuite ignored="0" hostname="DESKTOP-9FBOA07" failures="0" tests="4" name="FBTest1" time="19.844" errors="0" timestamp="2021-11-01T18:29:20 IST">
  <testcase classname="testclasses.TestFB" name="@BeforeTest launchBrowser" time="19.739">
    <failure type="org.openqa.selenium.WebDriverException" message="unknown error: net::ERR_INTERNET_DISCONNECTED
  (Session info: chrome=95.0.4638.54)
Build info: version: &amp;apos;3.141.59&amp;apos;, revision: &amp;apos;e82be7d358&amp;apos;, time: &amp;apos;2018-11-14T08:17:03&amp;apos;
System info: host: &amp;apos;DESKTOP-9FBOA07&amp;apos;, ip: &amp;apos;127.0.0.1&amp;apos;, os.name: &amp;apos;Windows 10&amp;apos;, os.arch: &amp;apos;amd64&amp;apos;, os.version: &amp;apos;10.0&amp;apos;, java.version: &amp;apos;16.0.1&amp;apos;
Driver info: org.openqa.selenium.chrome.ChromeDriver
Capabilities {acceptInsecureCerts: false, browserName: chrome, browserVersion: 95.0.4638.54, chrome: {chromedriverVersion: 94.0.4606.61 (418b78f5838ed..., userDataDir: C:\Users\PRATIK~1\AppData\L...}, goog:chromeOptions: {debuggerAddress: localhost:59601}, javascriptEnabled: true, networkConnectionEnabled: false, pageLoadStrategy: normal, platform: WINDOWS, platformName: WINDOWS, proxy: Proxy(), setWindowRect: true, strictFileInteractability: false, timeouts: {implicit: 0, pageLoad: 300000, script: 30000}, unhandledPromptBehavior: dismiss and notify, webauthn:extension:credBlob: true, webauthn:extension:largeBlob: true, webauthn:virtualAuthenticators: true}
Session ID: c094c4c156e2d27bea311f4ff623371e">
      <![CDATA[org.openqa.selenium.WebDriverException: unknown error: net::ERR_INTERNET_DISCONNECTED
  (Session info: chrome=95.0.4638.54)
Build info: version: '3.141.59', revision: 'e82be7d358', time: '2018-11-14T08:17:03'
System info: host: 'DESKTOP-9FBOA07', ip: '127.0.0.1', os.name: 'Windows 10', os.arch: 'amd64', os.version: '10.0', java.version: '16.0.1'
Driver info: org.openqa.selenium.chrome.ChromeDriver
Capabilities {acceptInsecureCerts: false, browserName: chrome, browserVersion: 95.0.4638.54, chrome: {chromedriverVersion: 94.0.4606.61 (418b78f5838ed..., userDataDir: C:\Users\PRATIK~1\AppData\L...}, goog:chromeOptions: {debuggerAddress: localhost:59601}, javascriptEnabled: true, networkConnectionEnabled: false, pageLoadStrategy: normal, platform: WINDOWS, platformName: WINDOWS, proxy: Proxy(), setWindowRect: true, strictFileInteractability: false, timeouts: {implicit: 0, pageLoad: 300000, script: 30000}, unhandledPromptBehavior: dismiss and notify, webauthn:extension:credBlob: true, webauthn:extension:largeBlob: true, webauthn:virtualAuthenticators: true}
Session ID: c094c4c156e2d27bea311f4ff623371e
at org.openqa.selenium.remote.http.W3CHttpResponseCodec.createException(W3CHttpResponseCodec.java:187)
at org.openqa.selenium.remote.http.W3CHttpResponseCodec.decode(W3CHttpResponseCodec.java:122)
at org.openqa.selenium.remote.http.W3CHttpResponseCodec.decode(W3CHttpResponseCodec.java:49)
at org.openqa.selenium.remote.HttpCommandExecutor.execute(HttpCommandExecutor.java:158)
at org.openqa.selenium.remote.service.DriverCommandExecutor.execute(DriverCommandExecutor.java:83)
at org.openqa.selenium.remote.RemoteWebDriver.execute(RemoteWebDriver.java:552)
at org.openqa.selenium.remote.RemoteWebDriver.get(RemoteWebDriver.java:277)
at testclasses.TestFB.launchBrowser(TestFB.java:75)
... Removed 29 stack frames]]>
    </failure>
  </testcase> <!-- @BeforeTest launchBrowser -->
  <testcase classname="testclasses.TestFB" name="@BeforeClass createObjectOfPom" time="-1.63577156027E9">
    <skipped/>
  </testcase> <!-- @BeforeClass createObjectOfPom -->
  <testcase classname="testclasses.TestFB" name="@BeforeMethod logIn" time="-1.635771560278E9">
    <skipped/>
  </testcase> <!-- @BeforeMethod logIn -->
  <testcase classname="testclasses.TestFB" name="@AfterMethod logOut" time="-1.635771560293E9">
    <skipped/>
  </testcase> <!-- @AfterMethod logOut -->
  <testcase classname="testclasses.TestFB" name="@BeforeMethod logIn" time="-1.6357715603E9">
    <skipped/>
  </testcase> <!-- @BeforeMethod logIn -->
  <testcase classname="testclasses.TestFB" name="@AfterMethod logOut" time="-1.635771560314E9">
    <skipped/>
  </testcase> <!-- @AfterMethod logOut -->
  <testcase classname="testclasses.TestFB" name="@BeforeMethod logIn" time="-1.635771560325E9">
    <skipped/>
  </testcase> <!-- @BeforeMethod logIn -->
  <testcase classname="testclasses.TestFB" name="@AfterMethod logOut" time="-1.635771560337E9">
    <skipped/>
  </testcase> <!-- @AfterMethod logOut -->
  <testcase classname="testclasses.TestFB" name="@BeforeMethod logIn" time="-1.635771560342E9">
    <skipped/>
  </testcase> <!-- @BeforeMethod logIn -->
  <testcase classname="testclasses.TestFB" name="@AfterMethod logOut" time="-1.635771560352E9">
    <skipped/>
  </testcase> <!-- @AfterMethod logOut -->
  <testcase classname="testclasses.TestFB" name="@AfterClass clearPomObjects" time="-1.635771560355E9">
    <skipped/>
  </testcase> <!-- @AfterClass clearPomObjects -->
  <testcase classname="testclasses.TestFB" name="@AfterTest closebrwser" time="-1.635771560357E9">
    <skipped/>
  </testcase> <!-- @AfterTest closebrwser -->
  <testcase classname="testclasses.TestFB" name="homePage" time="0.0">
    <skipped/>
  </testcase> <!-- homePage -->
  <testcase classname="testclasses.TestFB" name="marketplacePage" time="0.0">
    <skipped/>
  </testcase> <!-- marketplacePage -->
  <testcase classname="testclasses.TestFB" name="watchPage" time="0.0">
    <skipped/>
  </testcase> <!-- watchPage -->
  <testcase classname="testclasses.TestFB" name="friendPage" time="0.0">
    <skipped/>
  </testcase> <!-- friendPage -->
</testsuite> <!-- FBTest1 -->
