<?xml version="1.0" encoding="UTF-8"?>
<!-- Generated by org.testng.reporters.JUnitXMLReporter -->
<testsuite ignored="0" hostname="DESKTOP-9FBOA07" failures="0" tests="4" name="FBTest" time="0.33" errors="0" timestamp="2021-10-30T07:41:54 IST">
  <testcase classname="testclasses.TestFB" name="@BeforeTest launchBrowser" time="0.139">
    <failure type="java.lang.IllegalStateException" message="The path to the driver executable must be set by the webdriver.chrome.driver system property; for more information, see https://github.com/SeleniumHQ/selenium/wiki/ChromeDriver. The latest version can be downloaded from http://chromedriver.storage.googleapis.com/index.html">
      <![CDATA[java.lang.IllegalStateException: The path to the driver executable must be set by the webdriver.chrome.driver system property; for more information, see https://github.com/SeleniumHQ/selenium/wiki/ChromeDriver. The latest version can be downloaded from http://chromedriver.storage.googleapis.com/index.html
at com.google.common.base.Preconditions.checkState(Preconditions.java:847)
at org.openqa.selenium.remote.service.DriverService.findExecutable(DriverService.java:134)
at org.openqa.selenium.chrome.ChromeDriverService.access$000(ChromeDriverService.java:35)
at org.openqa.selenium.chrome.ChromeDriverService$Builder.findDefaultExecutable(ChromeDriverService.java:159)
at org.openqa.selenium.remote.service.DriverService$Builder.build(DriverService.java:355)
at org.openqa.selenium.chrome.ChromeDriverService.createDefaultService(ChromeDriverService.java:94)
at org.openqa.selenium.chrome.ChromeDriver.<init>(ChromeDriver.java:157)
at testclasses.TestFB.launchBrowser(TestFB.java:50)
... Removed 24 stack frames]]>
    </failure>
  </testcase> <!-- @BeforeTest launchBrowser -->
  <testcase classname="testclasses.TestFB" name="@BeforeClass createObjectOfPom" time="-1.63555991451E9">
    <skipped/>
  </testcase> <!-- @BeforeClass createObjectOfPom -->
  <testcase classname="testclasses.TestFB" name="@BeforeMethod logIn" time="-1.635559914534E9">
    <skipped/>
  </testcase> <!-- @BeforeMethod logIn -->
  <testcase classname="testclasses.TestFB" name="@AfterMethod logOut" time="-1.635559914552E9">
    <skipped/>
  </testcase> <!-- @AfterMethod logOut -->
  <testcase classname="testclasses.TestFB" name="@BeforeMethod logIn" time="-1.635559914559E9">
    <skipped/>
  </testcase> <!-- @BeforeMethod logIn -->
  <testcase classname="testclasses.TestFB" name="@AfterMethod logOut" time="-1.635559914578E9">
    <skipped/>
  </testcase> <!-- @AfterMethod logOut -->
  <testcase classname="testclasses.TestFB" name="@BeforeMethod logIn" time="-1.635559914584E9">
    <skipped/>
  </testcase> <!-- @BeforeMethod logIn -->
  <testcase classname="testclasses.TestFB" name="@AfterMethod logOut" time="-1.635559914599E9">
    <skipped/>
  </testcase> <!-- @AfterMethod logOut -->
  <testcase classname="testclasses.TestFB" name="@BeforeMethod logIn" time="-1.635559914605E9">
    <skipped/>
  </testcase> <!-- @BeforeMethod logIn -->
  <testcase classname="testclasses.TestFB" name="@AfterMethod logOut" time="-1.635559914623E9">
    <skipped/>
  </testcase> <!-- @AfterMethod logOut -->
  <testcase classname="testclasses.TestFB" name="@AfterClass clearPomObjects" time="-1.635559914633E9">
    <skipped/>
  </testcase> <!-- @AfterClass clearPomObjects -->
  <testcase classname="testclasses.TestFB" name="@AfterTest closebrwser" time="-1.635559914636E9">
    <skipped/>
  </testcase> <!-- @AfterTest closebrwser -->
  <testcase classname="testclasses.TestFB" name="homePage" time="0.0">
    <skipped/>
  </testcase> <!-- homePage -->
  <testcase classname="testclasses.TestFB" name="marketplacePage" time="0.0">
    <skipped/>
  </testcase> <!-- marketplacePage -->
  <testcase classname="testclasses.TestFB" name="watchPage" time="0.0">
    <skipped/>
  </testcase> <!-- watchPage -->
  <testcase classname="testclasses.TestFB" name="friendPage" time="0.0">
    <skipped/>
  </testcase> <!-- friendPage -->
</testsuite> <!-- FBTest -->
